<?xml version="1.0" encoding="UTF-8" ?>
<testsuite tests="1" failures="1" name="org.clafer.ir.IrModTest" time="0.022" errors="0" skipped="0">
  <properties>
    <property name="java.runtime.name" value="Java(TM) SE Runtime Environment"/>
    <property name="sun.boot.library.path" value="/Library/Java/JavaVirtualMachines/jdk1.8.0_31.jdk/Contents/Home/jre/lib"/>
    <property name="java.vm.version" value="25.31-b07"/>
    <property name="gopherProxySet" value="false"/>
    <property name="java.vm.vendor" value="Oracle Corporation"/>
    <property name="java.vendor.url" value="http://java.oracle.com/"/>
    <property name="path.separator" value=":"/>
    <property name="guice.disable.misplaced.annotation.check" value="true"/>
    <property name="java.vm.name" value="Java HotSpot(TM) 64-Bit Server VM"/>
    <property name="file.encoding.pkg" value="sun.io"/>
    <property name="user.country" value="US"/>
    <property name="sun.java.launcher" value="SUN_STANDARD"/>
    <property name="sun.os.patch.level" value="unknown"/>
    <property name="java.vm.specification.name" value="Java Virtual Machine Specification"/>
    <property name="user.dir" value="/Volumes/JetMini/Workspaces/FaMa/chocosolver"/>
    <property name="java.runtime.version" value="1.8.0_31-b13"/>
    <property name="java.awt.graphicsenv" value="sun.awt.CGraphicsEnvironment"/>
    <property name="java.endorsed.dirs" value="/Library/Java/JavaVirtualMachines/jdk1.8.0_31.jdk/Contents/Home/jre/lib/endorsed"/>
    <property name="os.arch" value="x86_64"/>
    <property name="java.io.tmpdir" value="/var/folders/_s/t_c78m251gv83j3p8gf05xy40000gn/T/"/>
    <property name="line.separator" value="
"/>
    <property name="java.vm.specification.vendor" value="Oracle Corporation"/>
    <property name="os.name" value="Mac OS X"/>
    <property name="classworlds.conf" value="/Volumes/JetMini/Workspaces/FaMa/.metadata/.plugins/org.eclipse.m2e.launching/launches/m2conf4473959892744264094.tmp"/>
    <property name="sun.jnu.encoding" value="UTF-8"/>
    <property name="java.library.path" value="/Users/malawito/Library/Java/Extensions:/Library/Java/Extensions:/Network/Library/Java/Extensions:/System/Library/Java/Extensions:/usr/lib/java:."/>
    <property name="java.specification.name" value="Java Platform API Specification"/>
    <property name="java.class.version" value="52.0"/>
    <property name="sun.management.compiler" value="HotSpot 64-Bit Tiered Compilers"/>
    <property name="os.version" value="10.9.5"/>
    <property name="http.nonProxyHosts" value="local|*.local|169.254/16|*.169.254/16"/>
    <property name="user.home" value="/Users/malawito"/>
    <property name="user.timezone" value="Europe/Paris"/>
    <property name="java.awt.printerjob" value="sun.lwawt.macosx.CPrinterJob"/>
    <property name="java.specification.version" value="1.8"/>
    <property name="file.encoding" value="UTF-8"/>
    <property name="user.name" value="malawito"/>
    <property name="java.class.path" value="/Applications/eclipse/plugins/org.eclipse.m2e.maven.runtime_1.5.0.20140605-2032/jars/plexus-classworlds-2.5.1.jar"/>
    <property name="org.slf4j.simpleLogger.defaultLogLevel" value="info"/>
    <property name="java.vm.specification.version" value="1.8"/>
    <property name="sun.arch.data.model" value="64"/>
    <property name="java.home" value="/Library/Java/JavaVirtualMachines/jdk1.8.0_31.jdk/Contents/Home/jre"/>
    <property name="sun.java.command" value="org.codehaus.plexus.classworlds.launcher.Launcher -B install"/>
    <property name="java.specification.vendor" value="Oracle Corporation"/>
    <property name="user.language" value="en"/>
    <property name="awt.toolkit" value="sun.lwawt.macosx.LWCToolkit"/>
    <property name="java.vm.info" value="mixed mode"/>
    <property name="java.version" value="1.8.0_31"/>
    <property name="java.ext.dirs" value="/Users/malawito/Library/Java/Extensions:/Library/Java/JavaVirtualMachines/jdk1.8.0_31.jdk/Contents/Home/jre/lib/ext:/Library/Java/Extensions:/Network/Library/Java/Extensions:/System/Library/Java/Extensions:/usr/lib/java"/>
    <property name="sun.boot.class.path" value="/Library/Java/JavaVirtualMachines/jdk1.8.0_31.jdk/Contents/Home/jre/lib/resources.jar:/Library/Java/JavaVirtualMachines/jdk1.8.0_31.jdk/Contents/Home/jre/lib/rt.jar:/Library/Java/JavaVirtualMachines/jdk1.8.0_31.jdk/Contents/Home/jre/lib/sunrsasign.jar:/Library/Java/JavaVirtualMachines/jdk1.8.0_31.jdk/Contents/Home/jre/lib/jsse.jar:/Library/Java/JavaVirtualMachines/jdk1.8.0_31.jdk/Contents/Home/jre/lib/jce.jar:/Library/Java/JavaVirtualMachines/jdk1.8.0_31.jdk/Contents/Home/jre/lib/charsets.jar:/Library/Java/JavaVirtualMachines/jdk1.8.0_31.jdk/Contents/Home/jre/lib/jfr.jar:/Library/Java/JavaVirtualMachines/jdk1.8.0_31.jdk/Contents/Home/jre/classes"/>
    <property name="java.vendor" value="Oracle Corporation"/>
    <property name="maven.home" value="/Volumes/JetMini/Workspaces/FaMa/chocosolver/EMBEDDED"/>
    <property name="file.separator" value="/"/>
    <property name="java.vendor.url.bug" value="http://bugreport.sun.com/bugreport/"/>
    <property name="sun.cpu.endian" value="little"/>
    <property name="sun.io.unicode.encoding" value="UnicodeBig"/>
    <property name="socksNonProxyHosts" value="local|*.local|169.254/16|*.169.254/16"/>
    <property name="ftp.nonProxyHosts" value="local|*.local|169.254/16|*.169.254/16"/>
    <property name="sun.cpu.isalist" value=""/>
  </properties>
  <testcase classname="org.clafer.ir.IrModTest" name="quickTest" time="0.022">
    <failure message="
##################################################
FAILURE &gt;&gt; TMP_1760 = [-4,4]
FAILURE &gt;&gt; TMP_1761 = [-4,4]

##################################################
FAILURE &gt;&gt; Absolute ([|TMP_1760| = 4 = |TMP_1760 = [-4,4]|])

==================================================
ROOT &amp; Int  ==  2 (1) &amp; |Int|  ==  4 (1) &amp; |Int|  ==  3 (1) &amp; Int  ==  -4 (1) &amp; |TMP_1760|  ==  4 (1) &amp; 
SAT
0 Solutions, Resolution 0.000s, 6 Nodes, 0 Backtracks, 0 Fails, 0 Restarts##################################################
" type="java.lang.AssertionError">java.lang.AssertionError: 
##################################################
FAILURE &gt;&gt; TMP_1760 = [-4,4]
FAILURE &gt;&gt; TMP_1761 = [-4,4]

##################################################
FAILURE &gt;&gt; Absolute ([|TMP_1760| = 4 = |TMP_1760 = [-4,4]|])

==================================================
ROOT &amp; Int  ==  2 (1) &amp; |Int|  ==  4 (1) &amp; |Int|  ==  3 (1) &amp; Int  ==  -4 (1) &amp; |TMP_1760|  ==  4 (1) &amp; 
SAT
0 Solutions, Resolution 0.000s, 6 Nodes, 0 Backtracks, 0 Fails, 0 Restarts##################################################

	at org.chocosolver.solver.search.loop.SearchLoop.recordSolution(SearchLoop.java:367)
	at org.chocosolver.solver.search.loop.SearchLoop.openNode(SearchLoop.java:360)
	at org.chocosolver.solver.search.loop.SearchLoop.loop(SearchLoop.java:273)
	at org.chocosolver.solver.search.loop.SearchLoop.launch(SearchLoop.java:189)
	at org.chocosolver.solver.Solver.solve(Solver.java:836)
	at org.chocosolver.solver.Solver.findSolution(Solver.java:692)
	at org.clafer.ir.IrQuickTest$QuickTest.evaluate(IrQuickTest.java:138)
	at org.clafer.ir.IrQuickTest$QuickTest.evaluate(IrQuickTest.java:84)
	at org.junit.internal.runners.statements.FailOnTimeout$StatementThread.run(FailOnTimeout.java:74)
</failure>
  </testcase>
</testsuite>